<?xml version="1.0" encoding="UTF-8"?>
<!-- Generated by org.testng.reporters.JUnitReportReporter -->
<testsuite skipped="0" hostname="LAPTOP-IPDPN9BM" name="exampleone.PracticeOne" tests="3" failures="0" timestamp="29 Oct 2021 03:40:30 GMT" time="0.020" errors="0">
  <testcase name="testcasethree" time="0.005" classname="exampleone.PracticeOne"/>
  <testcase name="testcasetwo" time="0.000" classname="exampleone.PracticeOne"/>
  <testcase name="testcaseone" time="0.015" classname="exampleone.PracticeOne"/>
</testsuite> <!-- exampleone.PracticeOne -->
